<?xml version="1.0" encoding="UTF-8"?>
<!-- Generated by org.testng.reporters.JUnitReportReporter -->
<testsuite hostname="Nikitas-MacBook-Pro.local" failures="0" tests="1" name="Qtrip.QtripProject.AppTest" time="0.002" errors="0" timestamp="8 Jun 2024 20:30:31 GMT">
  <testcase classname="Qtrip.QtripProject.AppTest" name="shouldAnswerWithTrue" time="0.002"/>
</testsuite> <!-- Qtrip.QtripProject.AppTest -->
